<?xml version="1.0" encoding="UTF-8"?>
<testsuite name="org.example.APITests" tests="3" skipped="0" failures="0" errors="0" timestamp="2023-02-11T12:45:04" hostname="Shivams-Air" time="4.139">
  <properties/>
  <testcase name="testGetPosts()" classname="org.example.APITests" time="1.516"/>
  <testcase name="testGetComments()" classname="org.example.APITests" time="1.162"/>
  <testcase name="testGetPhotos()" classname="org.example.APITests" time="1.458"/>
  <system-out><![CDATA[]]></system-out>
  <system-err><![CDATA[]]></system-err>
</testsuite>
